app/build/intermediates/manifest_merge_blame_file/debug/processDebugMainManifest/manifest-merger-blame-debug-report.txt
1<?xml version="1.0" encoding="utf-8"?>
2<manifest xmlns:android="http://schemas.android.com/apk/res/android"
3    package="com.raylib.raymob"
4    android:versionCode="1"
5    android:versionName="1.0" >
6
7    <uses-sdk
8        android:minSdkVersion="24"
9        android:targetSdkVersion="34" />
10
11    <uses-feature
12        android:glEsVersion="0x00030000"
12-->src\main\AndroidManifest.xml:5:19-59
13        android:required="true" />
13-->src\main\AndroidManifest.xml:5:60-83
14
15    <!-- Indicates the requirements for this application -->
16
17    <uses-permission
18        android:name="android.permission.INTERNET"
18-->src\main\AndroidManifest.xml:9:22-64
19        android:required="false" />
19-->src\main\AndroidManifest.xml:10:9-47
20    <uses-permission
21        android:name="android.permission.VIBRATE"
21-->src\main\AndroidManifest.xml:12:22-63
22        android:required="false" />
22-->src\main\AndroidManifest.xml:13:9-48
23
24    <uses-feature
25        android:name="android.hardware.sensor.gyroscope"
25-->src\main\AndroidManifest.xml:15:19-67
26        android:required="false" />
26-->src\main\AndroidManifest.xml:16:9-48
27    <uses-feature
28        android:name="android.hardware.sensor.accelerometer"
28-->src\main\AndroidManifest.xml:18:19-71
29        android:required="false" />
29-->src\main\AndroidManifest.xml:19:9-52
30
31    <!-- Application config -->
32    <application
32-->src\main\AndroidManifest.xml:23:5-46:19
33        android:allowBackup="false"
33-->src\main\AndroidManifest.xml:24:9-36
34        android:debuggable="true"
35        android:extractNativeLibs="false"
36        android:icon="@mipmap/ic_launcher"
36-->src\main\AndroidManifest.xml:25:9-43
37        android:label="@string/app_name"
37-->src\main\AndroidManifest.xml:26:9-41
38        android:roundIcon="@mipmap/ic_launcher_round"
38-->src\main\AndroidManifest.xml:27:9-54
39        android:testOnly="true" >
40        <activity
41            android:name="com.raylib.raymob.NativeLoader"
41-->src\main\AndroidManifest.xml:30:13-41
42            android:clearTaskOnLaunch="true"
42-->src\main\AndroidManifest.xml:34:13-45
43            android:configChanges="orientation|keyboardHidden|screenSize"
43-->src\main\AndroidManifest.xml:31:13-74
44            android:exported="true"
44-->src\main\AndroidManifest.xml:35:13-36
45            android:launchMode="singleTask"
45-->src\main\AndroidManifest.xml:32:60-91
46            android:resizeableActivity="false"
46-->src\main\AndroidManifest.xml:33:13-47
47            android:screenOrientation="landscape" >
47-->src\main\AndroidManifest.xml:32:13-59
48            <intent-filter>
48-->src\main\AndroidManifest.xml:36:13-39:29
49                <action android:name="android.intent.action.MAIN" />
49-->src\main\AndroidManifest.xml:37:17-69
49-->src\main\AndroidManifest.xml:37:25-66
50
51                <category android:name="android.intent.category.LAUNCHER" />
51-->src\main\AndroidManifest.xml:38:27-81
52            </intent-filter>
53
54            <meta-data
55                android:name="android.app.lib_name"
55-->src\main\AndroidManifest.xml:42:17-52
56                android:value="raymob" />
56-->src\main\AndroidManifest.xml:43:17-48
57        </activity>
58    </application>
59
60</manifest>